<?xml version="1.0" encoding="UTF-8"?>
<!-- Generated by org.testng.reporters.JUnitReportReporter -->
<testsuite hostname="FFE--Vijaylaxmi-FFE144" failures="0" tests="1" name="com.actitime.testscript.ExecutionClass" time="0.013" errors="0" timestamp="2024-09-02T13:24:54 IST" skipped="0">
  <testcase classname="com.actitime.testscript.ExecutionClass" name="firstScript" time="0.013"/>
  <system-out>
    <![CDATA[Vijaylaxmi Halkarni]]>
  </system-out>
</testsuite> <!-- com.actitime.testscript.ExecutionClass -->
